<?xml version="1.0" encoding="UTF-8"?>
<testsuite xmlns:xsi="http://www.w3.org/2001/XMLSchema-instance" xsi:noNamespaceSchemaLocation="https://maven.apache.org/surefire/maven-surefire-plugin/xsd/surefire-test-report.xsd" name="ml.kalanblow.kaladewn.repository.SchoolRepositoryTest" time="0.005" tests="1" errors="0" skipped="1" failures="0">
  <properties>
    <property name="java.specification.version" value="17"/>
    <property name="sun.jnu.encoding" value="UTF-8"/>
    <property name="java.class.path" value="/home/a.guindo@gop.link/eclipse-workspace/kaladewn/target/test-classes:/home/a.guindo@gop.link/eclipse-workspace/kaladewn/target/classes:/home/a.guindo@gop.link/.m2/repository/org/springframework/boot/spring-boot-starter-thymeleaf/2.7.1/spring-boot-starter-thymeleaf-2.7.1.jar:/home/a.guindo@gop.link/.m2/repository/org/springframework/boot/spring-boot-starter/2.7.1/spring-boot-starter-2.7.1.jar:/home/a.guindo@gop.link/.m2/repository/org/springframework/boot/spring-boot-starter-logging/2.7.1/spring-boot-starter-logging-2.7.1.jar:/home/a.guindo@gop.link/.m2/repository/ch/qos/logback/logback-classic/1.2.11/logback-classic-1.2.11.jar:/home/a.guindo@gop.link/.m2/repository/ch/qos/logback/logback-core/1.2.11/logback-core-1.2.11.jar:/home/a.guindo@gop.link/.m2/repository/org/apache/logging/log4j/log4j-to-slf4j/2.17.2/log4j-to-slf4j-2.17.2.jar:/home/a.guindo@gop.link/.m2/repository/org/apache/logging/log4j/log4j-api/2.17.2/log4j-api-2.17.2.jar:/home/a.guindo@gop.link/.m2/repository/org/slf4j/jul-to-slf4j/1.7.36/jul-to-slf4j-1.7.36.jar:/home/a.guindo@gop.link/.m2/repository/jakarta/annotation/jakarta.annotation-api/1.3.5/jakarta.annotation-api-1.3.5.jar:/home/a.guindo@gop.link/.m2/repository/org/yaml/snakeyaml/1.30/snakeyaml-1.30.jar:/home/a.guindo@gop.link/.m2/repository/org/thymeleaf/thymeleaf-spring5/3.0.15.RELEASE/thymeleaf-spring5-3.0.15.RELEASE.jar:/home/a.guindo@gop.link/.m2/repository/org/thymeleaf/extras/thymeleaf-extras-java8time/3.0.4.RELEASE/thymeleaf-extras-java8time-3.0.4.RELEASE.jar:/home/a.guindo@gop.link/.m2/repository/nz/net/ultraq/thymeleaf/thymeleaf-layout-dialect/3.0.0/thymeleaf-layout-dialect-3.0.0.jar:/home/a.guindo@gop.link/.m2/repository/org/codehaus/groovy/groovy/3.0.11/groovy-3.0.11.jar:/home/a.guindo@gop.link/.m2/repository/nz/net/ultraq/extensions/groovy-extensions/1.1.0/groovy-extensions-1.1.0.jar:/home/a.guindo@gop.link/.m2/repository/nz/net/ultraq/thymeleaf/thymeleaf-expression-processor/3.0.0/thymeleaf-expression-processor-3.0.0.jar:/home/a.guindo@gop.link/.m2/repository/org/thymeleaf/thymeleaf/3.0.15.RELEASE/thymeleaf-3.0.15.RELEASE.jar:/home/a.guindo@gop.link/.m2/repository/ognl/ognl/3.1.26/ognl-3.1.26.jar:/home/a.guindo@gop.link/.m2/repository/org/javassist/javassist/3.20.0-GA/javassist-3.20.0-GA.jar:/home/a.guindo@gop.link/.m2/repository/org/attoparser/attoparser/2.0.5.RELEASE/attoparser-2.0.5.RELEASE.jar:/home/a.guindo@gop.link/.m2/repository/org/unbescape/unbescape/1.1.6.RELEASE/unbescape-1.1.6.RELEASE.jar:/home/a.guindo@gop.link/.m2/repository/org/springframework/boot/spring-boot-starter-data-jpa/2.7.1/spring-boot-starter-data-jpa-2.7.1.jar:/home/a.guindo@gop.link/.m2/repository/org/springframework/boot/spring-boot-starter-aop/2.7.1/spring-boot-starter-aop-2.7.1.jar:/home/a.guindo@gop.link/.m2/repository/org/springframework/spring-aop/5.3.21/spring-aop-5.3.21.jar:/home/a.guindo@gop.link/.m2/repository/org/aspectj/aspectjweaver/1.9.7/aspectjweaver-1.9.7.jar:/home/a.guindo@gop.link/.m2/repository/org/springframework/boot/spring-boot-starter-jdbc/2.7.1/spring-boot-starter-jdbc-2.7.1.jar:/home/a.guindo@gop.link/.m2/repository/com/zaxxer/HikariCP/4.0.3/HikariCP-4.0.3.jar:/home/a.guindo@gop.link/.m2/repository/org/springframework/spring-jdbc/5.3.21/spring-jdbc-5.3.21.jar:/home/a.guindo@gop.link/.m2/repository/jakarta/transaction/jakarta.transaction-api/1.3.3/jakarta.transaction-api-1.3.3.jar:/home/a.guindo@gop.link/.m2/repository/jakarta/persistence/jakarta.persistence-api/2.2.3/jakarta.persistence-api-2.2.3.jar:/home/a.guindo@gop.link/.m2/repository/org/hibernate/hibernate-core/5.6.9.Final/hibernate-core-5.6.9.Final.jar:/home/a.guindo@gop.link/.m2/repository/org/jboss/logging/jboss-logging/3.4.3.Final/jboss-logging-3.4.3.Final.jar:/home/a.guindo@gop.link/.m2/repository/net/bytebuddy/byte-buddy/1.12.11/byte-buddy-1.12.11.jar:/home/a.guindo@gop.link/.m2/repository/antlr/antlr/2.7.7/antlr-2.7.7.jar:/home/a.guindo@gop.link/.m2/repository/org/jboss/jandex/2.4.2.Final/jandex-2.4.2.Final.jar:/home/a.guindo@gop.link/.m2/repository/com/fasterxml/classmate/1.5.1/classmate-1.5.1.jar:/home/a.guindo@gop.link/.m2/repository/org/hibernate/common/hibernate-commons-annotations/5.1.2.Final/hibernate-commons-annotations-5.1.2.Final.jar:/home/a.guindo@gop.link/.m2/repository/org/glassfish/jaxb/jaxb-runtime/2.3.6/jaxb-runtime-2.3.6.jar:/home/a.guindo@gop.link/.m2/repository/org/glassfish/jaxb/txw2/2.3.6/txw2-2.3.6.jar:/home/a.guindo@gop.link/.m2/repository/com/sun/istack/istack-commons-runtime/3.0.12/istack-commons-runtime-3.0.12.jar:/home/a.guindo@gop.link/.m2/repository/com/sun/activation/jakarta.activation/1.2.2/jakarta.activation-1.2.2.jar:/home/a.guindo@gop.link/.m2/repository/org/springframework/data/spring-data-jpa/2.7.1/spring-data-jpa-2.7.1.jar:/home/a.guindo@gop.link/.m2/repository/org/springframework/data/spring-data-commons/2.7.1/spring-data-commons-2.7.1.jar:/home/a.guindo@gop.link/.m2/repository/org/springframework/spring-orm/5.3.21/spring-orm-5.3.21.jar:/home/a.guindo@gop.link/.m2/repository/org/springframework/spring-tx/5.3.21/spring-tx-5.3.21.jar:/home/a.guindo@gop.link/.m2/repository/org/springframework/spring-beans/5.3.21/spring-beans-5.3.21.jar:/home/a.guindo@gop.link/.m2/repository/org/springframework/spring-aspects/5.3.21/spring-aspects-5.3.21.jar:/home/a.guindo@gop.link/.m2/repository/org/springframework/boot/spring-boot-starter-validation/2.7.1/spring-boot-starter-validation-2.7.1.jar:/home/a.guindo@gop.link/.m2/repository/org/apache/tomcat/embed/tomcat-embed-el/9.0.64/tomcat-embed-el-9.0.64.jar:/home/a.guindo@gop.link/.m2/repository/org/hibernate/validator/hibernate-validator/6.2.3.Final/hibernate-validator-6.2.3.Final.jar:/home/a.guindo@gop.link/.m2/repository/jakarta/validation/jakarta.validation-api/2.0.2/jakarta.validation-api-2.0.2.jar:/home/a.guindo@gop.link/.m2/repository/org/springframework/boot/spring-boot-starter-graphql/2.7.1/spring-boot-starter-graphql-2.7.1.jar:/home/a.guindo@gop.link/.m2/repository/org/springframework/boot/spring-boot-starter-json/2.7.1/spring-boot-starter-json-2.7.1.jar:/home/a.guindo@gop.link/.m2/repository/com/fasterxml/jackson/core/jackson-databind/2.13.3/jackson-databind-2.13.3.jar:/home/a.guindo@gop.link/.m2/repository/com/fasterxml/jackson/core/jackson-core/2.13.3/jackson-core-2.13.3.jar:/home/a.guindo@gop.link/.m2/repository/com/fasterxml/jackson/datatype/jackson-datatype-jdk8/2.13.3/jackson-datatype-jdk8-2.13.3.jar:/home/a.guindo@gop.link/.m2/repository/com/fasterxml/jackson/datatype/jackson-datatype-jsr310/2.13.3/jackson-datatype-jsr310-2.13.3.jar:/home/a.guindo@gop.link/.m2/repository/com/fasterxml/jackson/module/jackson-module-parameter-names/2.13.3/jackson-module-parameter-names-2.13.3.jar:/home/a.guindo@gop.link/.m2/repository/org/springframework/graphql/spring-graphql/1.0.0/spring-graphql-1.0.0.jar:/home/a.guindo@gop.link/.m2/repository/org/springframework/boot/spring-boot-starter-web/2.7.1/spring-boot-starter-web-2.7.1.jar:/home/a.guindo@gop.link/.m2/repository/org/springframework/boot/spring-boot-starter-tomcat/2.7.1/spring-boot-starter-tomcat-2.7.1.jar:/home/a.guindo@gop.link/.m2/repository/org/apache/tomcat/embed/tomcat-embed-core/9.0.64/tomcat-embed-core-9.0.64.jar:/home/a.guindo@gop.link/.m2/repository/org/apache/tomcat/embed/tomcat-embed-websocket/9.0.64/tomcat-embed-websocket-9.0.64.jar:/home/a.guindo@gop.link/.m2/repository/org/springframework/spring-web/5.3.21/spring-web-5.3.21.jar:/home/a.guindo@gop.link/.m2/repository/org/springframework/spring-webmvc/5.3.21/spring-webmvc-5.3.21.jar:/home/a.guindo@gop.link/.m2/repository/org/springframework/spring-expression/5.3.21/spring-expression-5.3.21.jar:/home/a.guindo@gop.link/.m2/repository/org/passay/passay/1.6.0/passay-1.6.0.jar:/home/a.guindo@gop.link/.m2/repository/com/google/guava/guava/30.1.1-jre/guava-30.1.1-jre.jar:/home/a.guindo@gop.link/.m2/repository/com/google/guava/failureaccess/1.0.1/failureaccess-1.0.1.jar:/home/a.guindo@gop.link/.m2/repository/com/google/guava/listenablefuture/9999.0-empty-to-avoid-conflict-with-guava/listenablefuture-9999.0-empty-to-avoid-conflict-with-guava.jar:/home/a.guindo@gop.link/.m2/repository/com/google/code/findbugs/jsr305/3.0.2/jsr305-3.0.2.jar:/home/a.guindo@gop.link/.m2/repository/org/checkerframework/checker-qual/3.8.0/checker-qual-3.8.0.jar:/home/a.guindo@gop.link/.m2/repository/com/google/errorprone/error_prone_annotations/2.5.1/error_prone_annotations-2.5.1.jar:/home/a.guindo@gop.link/.m2/repository/com/google/j2objc/j2objc-annotations/1.3/j2objc-annotations-1.3.jar:/home/a.guindo@gop.link/.m2/repository/org/springframework/boot/spring-boot-devtools/2.7.1/spring-boot-devtools-2.7.1.jar:/home/a.guindo@gop.link/.m2/repository/org/springframework/boot/spring-boot/2.7.1/spring-boot-2.7.1.jar:/home/a.guindo@gop.link/.m2/repository/org/springframework/boot/spring-boot-autoconfigure/2.7.1/spring-boot-autoconfigure-2.7.1.jar:/home/a.guindo@gop.link/.m2/repository/mysql/mysql-connector-java/8.0.29/mysql-connector-java-8.0.29.jar:/home/a.guindo@gop.link/.m2/repository/org/projectlombok/lombok/1.18.24/lombok-1.18.24.jar:/home/a.guindo@gop.link/.m2/repository/org/springframework/boot/spring-boot-starter-test/2.7.1/spring-boot-starter-test-2.7.1.jar:/home/a.guindo@gop.link/.m2/repository/org/springframework/boot/spring-boot-test/2.7.1/spring-boot-test-2.7.1.jar:/home/a.guindo@gop.link/.m2/repository/org/springframework/boot/spring-boot-test-autoconfigure/2.7.1/spring-boot-test-autoconfigure-2.7.1.jar:/home/a.guindo@gop.link/.m2/repository/com/jayway/jsonpath/json-path/2.7.0/json-path-2.7.0.jar:/home/a.guindo@gop.link/.m2/repository/net/minidev/json-smart/2.4.8/json-smart-2.4.8.jar:/home/a.guindo@gop.link/.m2/repository/net/minidev/accessors-smart/2.4.8/accessors-smart-2.4.8.jar:/home/a.guindo@gop.link/.m2/repository/org/ow2/asm/asm/9.1/asm-9.1.jar:/home/a.guindo@gop.link/.m2/repository/jakarta/xml/bind/jakarta.xml.bind-api/2.3.3/jakarta.xml.bind-api-2.3.3.jar:/home/a.guindo@gop.link/.m2/repository/jakarta/activation/jakarta.activation-api/1.2.2/jakarta.activation-api-1.2.2.jar:/home/a.guindo@gop.link/.m2/repository/org/assertj/assertj-core/3.22.0/assertj-core-3.22.0.jar:/home/a.guindo@gop.link/.m2/repository/org/hamcrest/hamcrest/2.2/hamcrest-2.2.jar:/home/a.guindo@gop.link/.m2/repository/org/junit/jupiter/junit-jupiter/5.8.2/junit-jupiter-5.8.2.jar:/home/a.guindo@gop.link/.m2/repository/org/junit/jupiter/junit-jupiter-api/5.8.2/junit-jupiter-api-5.8.2.jar:/home/a.guindo@gop.link/.m2/repository/org/opentest4j/opentest4j/1.2.0/opentest4j-1.2.0.jar:/home/a.guindo@gop.link/.m2/repository/org/junit/platform/junit-platform-commons/1.8.2/junit-platform-commons-1.8.2.jar:/home/a.guindo@gop.link/.m2/repository/org/apiguardian/apiguardian-api/1.1.2/apiguardian-api-1.1.2.jar:/home/a.guindo@gop.link/.m2/repository/org/junit/jupiter/junit-jupiter-params/5.8.2/junit-jupiter-params-5.8.2.jar:/home/a.guindo@gop.link/.m2/repository/org/junit/jupiter/junit-jupiter-engine/5.8.2/junit-jupiter-engine-5.8.2.jar:/home/a.guindo@gop.link/.m2/repository/org/junit/platform/junit-platform-engine/1.8.2/junit-platform-engine-1.8.2.jar:/home/a.guindo@gop.link/.m2/repository/org/mockito/mockito-core/4.5.1/mockito-core-4.5.1.jar:/home/a.guindo@gop.link/.m2/repository/net/bytebuddy/byte-buddy-agent/1.12.11/byte-buddy-agent-1.12.11.jar:/home/a.guindo@gop.link/.m2/repository/org/objenesis/objenesis/3.2/objenesis-3.2.jar:/home/a.guindo@gop.link/.m2/repository/org/mockito/mockito-junit-jupiter/4.5.1/mockito-junit-jupiter-4.5.1.jar:/home/a.guindo@gop.link/.m2/repository/org/skyscreamer/jsonassert/1.5.0/jsonassert-1.5.0.jar:/home/a.guindo@gop.link/.m2/repository/com/vaadin/external/google/android-json/0.0.20131108.vaadin1/android-json-0.0.20131108.vaadin1.jar:/home/a.guindo@gop.link/.m2/repository/org/springframework/spring-core/5.3.21/spring-core-5.3.21.jar:/home/a.guindo@gop.link/.m2/repository/org/springframework/spring-jcl/5.3.21/spring-jcl-5.3.21.jar:/home/a.guindo@gop.link/.m2/repository/org/springframework/spring-test/5.3.21/spring-test-5.3.21.jar:/home/a.guindo@gop.link/.m2/repository/org/xmlunit/xmlunit-core/2.9.0/xmlunit-core-2.9.0.jar:/home/a.guindo@gop.link/.m2/repository/org/testcontainers/testcontainers/1.17.2/testcontainers-1.17.2.jar:/home/a.guindo@gop.link/.m2/repository/junit/junit/4.13.2/junit-4.13.2.jar:/home/a.guindo@gop.link/.m2/repository/org/hamcrest/hamcrest-core/2.2/hamcrest-core-2.2.jar:/home/a.guindo@gop.link/.m2/repository/org/slf4j/slf4j-api/1.7.36/slf4j-api-1.7.36.jar:/home/a.guindo@gop.link/.m2/repository/org/apache/commons/commons-compress/1.21/commons-compress-1.21.jar:/home/a.guindo@gop.link/.m2/repository/org/rnorth/duct-tape/duct-tape/1.0.8/duct-tape-1.0.8.jar:/home/a.guindo@gop.link/.m2/repository/org/jetbrains/annotations/17.0.0/annotations-17.0.0.jar:/home/a.guindo@gop.link/.m2/repository/com/github/docker-java/docker-java-api/3.2.13/docker-java-api-3.2.13.jar:/home/a.guindo@gop.link/.m2/repository/com/fasterxml/jackson/core/jackson-annotations/2.13.3/jackson-annotations-2.13.3.jar:/home/a.guindo@gop.link/.m2/repository/com/github/docker-java/docker-java-transport-zerodep/3.2.13/docker-java-transport-zerodep-3.2.13.jar:/home/a.guindo@gop.link/.m2/repository/com/github/docker-java/docker-java-transport/3.2.13/docker-java-transport-3.2.13.jar:/home/a.guindo@gop.link/.m2/repository/net/java/dev/jna/jna/5.8.0/jna-5.8.0.jar:/home/a.guindo@gop.link/.m2/repository/org/testcontainers/mysql/1.17.2/mysql-1.17.2.jar:/home/a.guindo@gop.link/.m2/repository/org/testcontainers/jdbc/1.17.2/jdbc-1.17.2.jar:/home/a.guindo@gop.link/.m2/repository/org/testcontainers/database-commons/1.17.2/database-commons-1.17.2.jar:/home/a.guindo@gop.link/.m2/repository/org/springframework/graphql/spring-graphql-test/1.0.0/spring-graphql-test-1.0.0.jar:/home/a.guindo@gop.link/.m2/repository/com/graphql-java/graphql-java/18.1/graphql-java-18.1.jar:/home/a.guindo@gop.link/.m2/repository/com/graphql-java/java-dataloader/3.1.2/java-dataloader-3.1.2.jar:/home/a.guindo@gop.link/.m2/repository/org/reactivestreams/reactive-streams/1.0.4/reactive-streams-1.0.4.jar:/home/a.guindo@gop.link/.m2/repository/org/antlr/antlr4-runtime/4.9.3/antlr4-runtime-4.9.3.jar:/home/a.guindo@gop.link/.m2/repository/io/projectreactor/reactor-core/3.4.19/reactor-core-3.4.19.jar:/home/a.guindo@gop.link/.m2/repository/org/springframework/spring-context/5.3.21/spring-context-5.3.21.jar:/home/a.guindo@gop.link/.m2/repository/com/github/javafaker/javafaker/1.0.2/javafaker-1.0.2.jar:/home/a.guindo@gop.link/.m2/repository/org/apache/commons/commons-lang3/3.12.0/commons-lang3-3.12.0.jar:/home/a.guindo@gop.link/.m2/repository/org/yaml/snakeyaml/1.23/snakeyaml-1.23-android.jar:/home/a.guindo@gop.link/.m2/repository/com/github/mifmif/generex/1.0.2/generex-1.0.2.jar:/home/a.guindo@gop.link/.m2/repository/dk/brics/automaton/automaton/1.11-8/automaton-1.11-8.jar:"/>
    <property name="java.vm.vendor" value="Oracle Corporation"/>
    <property name="sun.arch.data.model" value="64"/>
    <property name="java.vendor.url" value="https://java.oracle.com/"/>
    <property name="os.name" value="Linux"/>
    <property name="java.vm.specification.version" value="17"/>
    <property name="sun.java.launcher" value="SUN_STANDARD"/>
    <property name="user.country" value="FR"/>
    <property name="sun.boot.library.path" value="/usr/lib/jvm/jdk-17/lib"/>
    <property name="sun.java.command" value="/home/a.guindo@gop.link/eclipse-workspace/kaladewn/target/surefire/surefirebooter16593008325751475599.jar /home/a.guindo@gop.link/eclipse-workspace/kaladewn/target/surefire 2022-07-19T10-12-11_497-jvmRun1 surefire4402801210208228269tmp surefire_011099364568484015429tmp"/>
    <property name="jdk.debug" value="release"/>
    <property name="surefire.test.class.path" value="/home/a.guindo@gop.link/eclipse-workspace/kaladewn/target/test-classes:/home/a.guindo@gop.link/eclipse-workspace/kaladewn/target/classes:/home/a.guindo@gop.link/.m2/repository/org/springframework/boot/spring-boot-starter-thymeleaf/2.7.1/spring-boot-starter-thymeleaf-2.7.1.jar:/home/a.guindo@gop.link/.m2/repository/org/springframework/boot/spring-boot-starter/2.7.1/spring-boot-starter-2.7.1.jar:/home/a.guindo@gop.link/.m2/repository/org/springframework/boot/spring-boot-starter-logging/2.7.1/spring-boot-starter-logging-2.7.1.jar:/home/a.guindo@gop.link/.m2/repository/ch/qos/logback/logback-classic/1.2.11/logback-classic-1.2.11.jar:/home/a.guindo@gop.link/.m2/repository/ch/qos/logback/logback-core/1.2.11/logback-core-1.2.11.jar:/home/a.guindo@gop.link/.m2/repository/org/apache/logging/log4j/log4j-to-slf4j/2.17.2/log4j-to-slf4j-2.17.2.jar:/home/a.guindo@gop.link/.m2/repository/org/apache/logging/log4j/log4j-api/2.17.2/log4j-api-2.17.2.jar:/home/a.guindo@gop.link/.m2/repository/org/slf4j/jul-to-slf4j/1.7.36/jul-to-slf4j-1.7.36.jar:/home/a.guindo@gop.link/.m2/repository/jakarta/annotation/jakarta.annotation-api/1.3.5/jakarta.annotation-api-1.3.5.jar:/home/a.guindo@gop.link/.m2/repository/org/yaml/snakeyaml/1.30/snakeyaml-1.30.jar:/home/a.guindo@gop.link/.m2/repository/org/thymeleaf/thymeleaf-spring5/3.0.15.RELEASE/thymeleaf-spring5-3.0.15.RELEASE.jar:/home/a.guindo@gop.link/.m2/repository/org/thymeleaf/extras/thymeleaf-extras-java8time/3.0.4.RELEASE/thymeleaf-extras-java8time-3.0.4.RELEASE.jar:/home/a.guindo@gop.link/.m2/repository/nz/net/ultraq/thymeleaf/thymeleaf-layout-dialect/3.0.0/thymeleaf-layout-dialect-3.0.0.jar:/home/a.guindo@gop.link/.m2/repository/org/codehaus/groovy/groovy/3.0.11/groovy-3.0.11.jar:/home/a.guindo@gop.link/.m2/repository/nz/net/ultraq/extensions/groovy-extensions/1.1.0/groovy-extensions-1.1.0.jar:/home/a.guindo@gop.link/.m2/repository/nz/net/ultraq/thymeleaf/thymeleaf-expression-processor/3.0.0/thymeleaf-expression-processor-3.0.0.jar:/home/a.guindo@gop.link/.m2/repository/org/thymeleaf/thymeleaf/3.0.15.RELEASE/thymeleaf-3.0.15.RELEASE.jar:/home/a.guindo@gop.link/.m2/repository/ognl/ognl/3.1.26/ognl-3.1.26.jar:/home/a.guindo@gop.link/.m2/repository/org/javassist/javassist/3.20.0-GA/javassist-3.20.0-GA.jar:/home/a.guindo@gop.link/.m2/repository/org/attoparser/attoparser/2.0.5.RELEASE/attoparser-2.0.5.RELEASE.jar:/home/a.guindo@gop.link/.m2/repository/org/unbescape/unbescape/1.1.6.RELEASE/unbescape-1.1.6.RELEASE.jar:/home/a.guindo@gop.link/.m2/repository/org/springframework/boot/spring-boot-starter-data-jpa/2.7.1/spring-boot-starter-data-jpa-2.7.1.jar:/home/a.guindo@gop.link/.m2/repository/org/springframework/boot/spring-boot-starter-aop/2.7.1/spring-boot-starter-aop-2.7.1.jar:/home/a.guindo@gop.link/.m2/repository/org/springframework/spring-aop/5.3.21/spring-aop-5.3.21.jar:/home/a.guindo@gop.link/.m2/repository/org/aspectj/aspectjweaver/1.9.7/aspectjweaver-1.9.7.jar:/home/a.guindo@gop.link/.m2/repository/org/springframework/boot/spring-boot-starter-jdbc/2.7.1/spring-boot-starter-jdbc-2.7.1.jar:/home/a.guindo@gop.link/.m2/repository/com/zaxxer/HikariCP/4.0.3/HikariCP-4.0.3.jar:/home/a.guindo@gop.link/.m2/repository/org/springframework/spring-jdbc/5.3.21/spring-jdbc-5.3.21.jar:/home/a.guindo@gop.link/.m2/repository/jakarta/transaction/jakarta.transaction-api/1.3.3/jakarta.transaction-api-1.3.3.jar:/home/a.guindo@gop.link/.m2/repository/jakarta/persistence/jakarta.persistence-api/2.2.3/jakarta.persistence-api-2.2.3.jar:/home/a.guindo@gop.link/.m2/repository/org/hibernate/hibernate-core/5.6.9.Final/hibernate-core-5.6.9.Final.jar:/home/a.guindo@gop.link/.m2/repository/org/jboss/logging/jboss-logging/3.4.3.Final/jboss-logging-3.4.3.Final.jar:/home/a.guindo@gop.link/.m2/repository/net/bytebuddy/byte-buddy/1.12.11/byte-buddy-1.12.11.jar:/home/a.guindo@gop.link/.m2/repository/antlr/antlr/2.7.7/antlr-2.7.7.jar:/home/a.guindo@gop.link/.m2/repository/org/jboss/jandex/2.4.2.Final/jandex-2.4.2.Final.jar:/home/a.guindo@gop.link/.m2/repository/com/fasterxml/classmate/1.5.1/classmate-1.5.1.jar:/home/a.guindo@gop.link/.m2/repository/org/hibernate/common/hibernate-commons-annotations/5.1.2.Final/hibernate-commons-annotations-5.1.2.Final.jar:/home/a.guindo@gop.link/.m2/repository/org/glassfish/jaxb/jaxb-runtime/2.3.6/jaxb-runtime-2.3.6.jar:/home/a.guindo@gop.link/.m2/repository/org/glassfish/jaxb/txw2/2.3.6/txw2-2.3.6.jar:/home/a.guindo@gop.link/.m2/repository/com/sun/istack/istack-commons-runtime/3.0.12/istack-commons-runtime-3.0.12.jar:/home/a.guindo@gop.link/.m2/repository/com/sun/activation/jakarta.activation/1.2.2/jakarta.activation-1.2.2.jar:/home/a.guindo@gop.link/.m2/repository/org/springframework/data/spring-data-jpa/2.7.1/spring-data-jpa-2.7.1.jar:/home/a.guindo@gop.link/.m2/repository/org/springframework/data/spring-data-commons/2.7.1/spring-data-commons-2.7.1.jar:/home/a.guindo@gop.link/.m2/repository/org/springframework/spring-orm/5.3.21/spring-orm-5.3.21.jar:/home/a.guindo@gop.link/.m2/repository/org/springframework/spring-tx/5.3.21/spring-tx-5.3.21.jar:/home/a.guindo@gop.link/.m2/repository/org/springframework/spring-beans/5.3.21/spring-beans-5.3.21.jar:/home/a.guindo@gop.link/.m2/repository/org/springframework/spring-aspects/5.3.21/spring-aspects-5.3.21.jar:/home/a.guindo@gop.link/.m2/repository/org/springframework/boot/spring-boot-starter-validation/2.7.1/spring-boot-starter-validation-2.7.1.jar:/home/a.guindo@gop.link/.m2/repository/org/apache/tomcat/embed/tomcat-embed-el/9.0.64/tomcat-embed-el-9.0.64.jar:/home/a.guindo@gop.link/.m2/repository/org/hibernate/validator/hibernate-validator/6.2.3.Final/hibernate-validator-6.2.3.Final.jar:/home/a.guindo@gop.link/.m2/repository/jakarta/validation/jakarta.validation-api/2.0.2/jakarta.validation-api-2.0.2.jar:/home/a.guindo@gop.link/.m2/repository/org/springframework/boot/spring-boot-starter-graphql/2.7.1/spring-boot-starter-graphql-2.7.1.jar:/home/a.guindo@gop.link/.m2/repository/org/springframework/boot/spring-boot-starter-json/2.7.1/spring-boot-starter-json-2.7.1.jar:/home/a.guindo@gop.link/.m2/repository/com/fasterxml/jackson/core/jackson-databind/2.13.3/jackson-databind-2.13.3.jar:/home/a.guindo@gop.link/.m2/repository/com/fasterxml/jackson/core/jackson-core/2.13.3/jackson-core-2.13.3.jar:/home/a.guindo@gop.link/.m2/repository/com/fasterxml/jackson/datatype/jackson-datatype-jdk8/2.13.3/jackson-datatype-jdk8-2.13.3.jar:/home/a.guindo@gop.link/.m2/repository/com/fasterxml/jackson/datatype/jackson-datatype-jsr310/2.13.3/jackson-datatype-jsr310-2.13.3.jar:/home/a.guindo@gop.link/.m2/repository/com/fasterxml/jackson/module/jackson-module-parameter-names/2.13.3/jackson-module-parameter-names-2.13.3.jar:/home/a.guindo@gop.link/.m2/repository/org/springframework/graphql/spring-graphql/1.0.0/spring-graphql-1.0.0.jar:/home/a.guindo@gop.link/.m2/repository/org/springframework/boot/spring-boot-starter-web/2.7.1/spring-boot-starter-web-2.7.1.jar:/home/a.guindo@gop.link/.m2/repository/org/springframework/boot/spring-boot-starter-tomcat/2.7.1/spring-boot-starter-tomcat-2.7.1.jar:/home/a.guindo@gop.link/.m2/repository/org/apache/tomcat/embed/tomcat-embed-core/9.0.64/tomcat-embed-core-9.0.64.jar:/home/a.guindo@gop.link/.m2/repository/org/apache/tomcat/embed/tomcat-embed-websocket/9.0.64/tomcat-embed-websocket-9.0.64.jar:/home/a.guindo@gop.link/.m2/repository/org/springframework/spring-web/5.3.21/spring-web-5.3.21.jar:/home/a.guindo@gop.link/.m2/repository/org/springframework/spring-webmvc/5.3.21/spring-webmvc-5.3.21.jar:/home/a.guindo@gop.link/.m2/repository/org/springframework/spring-expression/5.3.21/spring-expression-5.3.21.jar:/home/a.guindo@gop.link/.m2/repository/org/passay/passay/1.6.0/passay-1.6.0.jar:/home/a.guindo@gop.link/.m2/repository/com/google/guava/guava/30.1.1-jre/guava-30.1.1-jre.jar:/home/a.guindo@gop.link/.m2/repository/com/google/guava/failureaccess/1.0.1/failureaccess-1.0.1.jar:/home/a.guindo@gop.link/.m2/repository/com/google/guava/listenablefuture/9999.0-empty-to-avoid-conflict-with-guava/listenablefuture-9999.0-empty-to-avoid-conflict-with-guava.jar:/home/a.guindo@gop.link/.m2/repository/com/google/code/findbugs/jsr305/3.0.2/jsr305-3.0.2.jar:/home/a.guindo@gop.link/.m2/repository/org/checkerframework/checker-qual/3.8.0/checker-qual-3.8.0.jar:/home/a.guindo@gop.link/.m2/repository/com/google/errorprone/error_prone_annotations/2.5.1/error_prone_annotations-2.5.1.jar:/home/a.guindo@gop.link/.m2/repository/com/google/j2objc/j2objc-annotations/1.3/j2objc-annotations-1.3.jar:/home/a.guindo@gop.link/.m2/repository/org/springframework/boot/spring-boot-devtools/2.7.1/spring-boot-devtools-2.7.1.jar:/home/a.guindo@gop.link/.m2/repository/org/springframework/boot/spring-boot/2.7.1/spring-boot-2.7.1.jar:/home/a.guindo@gop.link/.m2/repository/org/springframework/boot/spring-boot-autoconfigure/2.7.1/spring-boot-autoconfigure-2.7.1.jar:/home/a.guindo@gop.link/.m2/repository/mysql/mysql-connector-java/8.0.29/mysql-connector-java-8.0.29.jar:/home/a.guindo@gop.link/.m2/repository/org/projectlombok/lombok/1.18.24/lombok-1.18.24.jar:/home/a.guindo@gop.link/.m2/repository/org/springframework/boot/spring-boot-starter-test/2.7.1/spring-boot-starter-test-2.7.1.jar:/home/a.guindo@gop.link/.m2/repository/org/springframework/boot/spring-boot-test/2.7.1/spring-boot-test-2.7.1.jar:/home/a.guindo@gop.link/.m2/repository/org/springframework/boot/spring-boot-test-autoconfigure/2.7.1/spring-boot-test-autoconfigure-2.7.1.jar:/home/a.guindo@gop.link/.m2/repository/com/jayway/jsonpath/json-path/2.7.0/json-path-2.7.0.jar:/home/a.guindo@gop.link/.m2/repository/net/minidev/json-smart/2.4.8/json-smart-2.4.8.jar:/home/a.guindo@gop.link/.m2/repository/net/minidev/accessors-smart/2.4.8/accessors-smart-2.4.8.jar:/home/a.guindo@gop.link/.m2/repository/org/ow2/asm/asm/9.1/asm-9.1.jar:/home/a.guindo@gop.link/.m2/repository/jakarta/xml/bind/jakarta.xml.bind-api/2.3.3/jakarta.xml.bind-api-2.3.3.jar:/home/a.guindo@gop.link/.m2/repository/jakarta/activation/jakarta.activation-api/1.2.2/jakarta.activation-api-1.2.2.jar:/home/a.guindo@gop.link/.m2/repository/org/assertj/assertj-core/3.22.0/assertj-core-3.22.0.jar:/home/a.guindo@gop.link/.m2/repository/org/hamcrest/hamcrest/2.2/hamcrest-2.2.jar:/home/a.guindo@gop.link/.m2/repository/org/junit/jupiter/junit-jupiter/5.8.2/junit-jupiter-5.8.2.jar:/home/a.guindo@gop.link/.m2/repository/org/junit/jupiter/junit-jupiter-api/5.8.2/junit-jupiter-api-5.8.2.jar:/home/a.guindo@gop.link/.m2/repository/org/opentest4j/opentest4j/1.2.0/opentest4j-1.2.0.jar:/home/a.guindo@gop.link/.m2/repository/org/junit/platform/junit-platform-commons/1.8.2/junit-platform-commons-1.8.2.jar:/home/a.guindo@gop.link/.m2/repository/org/apiguardian/apiguardian-api/1.1.2/apiguardian-api-1.1.2.jar:/home/a.guindo@gop.link/.m2/repository/org/junit/jupiter/junit-jupiter-params/5.8.2/junit-jupiter-params-5.8.2.jar:/home/a.guindo@gop.link/.m2/repository/org/junit/jupiter/junit-jupiter-engine/5.8.2/junit-jupiter-engine-5.8.2.jar:/home/a.guindo@gop.link/.m2/repository/org/junit/platform/junit-platform-engine/1.8.2/junit-platform-engine-1.8.2.jar:/home/a.guindo@gop.link/.m2/repository/org/mockito/mockito-core/4.5.1/mockito-core-4.5.1.jar:/home/a.guindo@gop.link/.m2/repository/net/bytebuddy/byte-buddy-agent/1.12.11/byte-buddy-agent-1.12.11.jar:/home/a.guindo@gop.link/.m2/repository/org/objenesis/objenesis/3.2/objenesis-3.2.jar:/home/a.guindo@gop.link/.m2/repository/org/mockito/mockito-junit-jupiter/4.5.1/mockito-junit-jupiter-4.5.1.jar:/home/a.guindo@gop.link/.m2/repository/org/skyscreamer/jsonassert/1.5.0/jsonassert-1.5.0.jar:/home/a.guindo@gop.link/.m2/repository/com/vaadin/external/google/android-json/0.0.20131108.vaadin1/android-json-0.0.20131108.vaadin1.jar:/home/a.guindo@gop.link/.m2/repository/org/springframework/spring-core/5.3.21/spring-core-5.3.21.jar:/home/a.guindo@gop.link/.m2/repository/org/springframework/spring-jcl/5.3.21/spring-jcl-5.3.21.jar:/home/a.guindo@gop.link/.m2/repository/org/springframework/spring-test/5.3.21/spring-test-5.3.21.jar:/home/a.guindo@gop.link/.m2/repository/org/xmlunit/xmlunit-core/2.9.0/xmlunit-core-2.9.0.jar:/home/a.guindo@gop.link/.m2/repository/org/testcontainers/testcontainers/1.17.2/testcontainers-1.17.2.jar:/home/a.guindo@gop.link/.m2/repository/junit/junit/4.13.2/junit-4.13.2.jar:/home/a.guindo@gop.link/.m2/repository/org/hamcrest/hamcrest-core/2.2/hamcrest-core-2.2.jar:/home/a.guindo@gop.link/.m2/repository/org/slf4j/slf4j-api/1.7.36/slf4j-api-1.7.36.jar:/home/a.guindo@gop.link/.m2/repository/org/apache/commons/commons-compress/1.21/commons-compress-1.21.jar:/home/a.guindo@gop.link/.m2/repository/org/rnorth/duct-tape/duct-tape/1.0.8/duct-tape-1.0.8.jar:/home/a.guindo@gop.link/.m2/repository/org/jetbrains/annotations/17.0.0/annotations-17.0.0.jar:/home/a.guindo@gop.link/.m2/repository/com/github/docker-java/docker-java-api/3.2.13/docker-java-api-3.2.13.jar:/home/a.guindo@gop.link/.m2/repository/com/fasterxml/jackson/core/jackson-annotations/2.13.3/jackson-annotations-2.13.3.jar:/home/a.guindo@gop.link/.m2/repository/com/github/docker-java/docker-java-transport-zerodep/3.2.13/docker-java-transport-zerodep-3.2.13.jar:/home/a.guindo@gop.link/.m2/repository/com/github/docker-java/docker-java-transport/3.2.13/docker-java-transport-3.2.13.jar:/home/a.guindo@gop.link/.m2/repository/net/java/dev/jna/jna/5.8.0/jna-5.8.0.jar:/home/a.guindo@gop.link/.m2/repository/org/testcontainers/mysql/1.17.2/mysql-1.17.2.jar:/home/a.guindo@gop.link/.m2/repository/org/testcontainers/jdbc/1.17.2/jdbc-1.17.2.jar:/home/a.guindo@gop.link/.m2/repository/org/testcontainers/database-commons/1.17.2/database-commons-1.17.2.jar:/home/a.guindo@gop.link/.m2/repository/org/springframework/graphql/spring-graphql-test/1.0.0/spring-graphql-test-1.0.0.jar:/home/a.guindo@gop.link/.m2/repository/com/graphql-java/graphql-java/18.1/graphql-java-18.1.jar:/home/a.guindo@gop.link/.m2/repository/com/graphql-java/java-dataloader/3.1.2/java-dataloader-3.1.2.jar:/home/a.guindo@gop.link/.m2/repository/org/reactivestreams/reactive-streams/1.0.4/reactive-streams-1.0.4.jar:/home/a.guindo@gop.link/.m2/repository/org/antlr/antlr4-runtime/4.9.3/antlr4-runtime-4.9.3.jar:/home/a.guindo@gop.link/.m2/repository/io/projectreactor/reactor-core/3.4.19/reactor-core-3.4.19.jar:/home/a.guindo@gop.link/.m2/repository/org/springframework/spring-context/5.3.21/spring-context-5.3.21.jar:/home/a.guindo@gop.link/.m2/repository/com/github/javafaker/javafaker/1.0.2/javafaker-1.0.2.jar:/home/a.guindo@gop.link/.m2/repository/org/apache/commons/commons-lang3/3.12.0/commons-lang3-3.12.0.jar:/home/a.guindo@gop.link/.m2/repository/org/yaml/snakeyaml/1.23/snakeyaml-1.23-android.jar:/home/a.guindo@gop.link/.m2/repository/com/github/mifmif/generex/1.0.2/generex-1.0.2.jar:/home/a.guindo@gop.link/.m2/repository/dk/brics/automaton/automaton/1.11-8/automaton-1.11-8.jar:"/>
    <property name="sun.cpu.endian" value="little"/>
    <property name="user.home" value="/home/a.guindo@gop.link"/>
    <property name="user.language" value="fr"/>
    <property name="java.specification.vendor" value="Oracle Corporation"/>
    <property name="java.version.date" value="2021-10-19"/>
    <property name="java.home" value="/usr/lib/jvm/jdk-17"/>
    <property name="file.separator" value="/"/>
    <property name="basedir" value="/home/a.guindo@gop.link/eclipse-workspace/kaladewn"/>
    <property name="java.vm.compressedOopsMode" value="Zero based"/>
    <property name="line.separator" value="&#10;"/>
    <property name="java.vm.specification.vendor" value="Oracle Corporation"/>
    <property name="java.specification.name" value="Java Platform API Specification"/>
    <property name="surefire.real.class.path" value="/home/a.guindo@gop.link/eclipse-workspace/kaladewn/target/surefire/surefirebooter16593008325751475599.jar"/>
    <property name="sun.management.compiler" value="HotSpot 64-Bit Tiered Compilers"/>
    <property name="java.runtime.version" value="17.0.1+12-LTS-39"/>
    <property name="user.name" value="a.guindo"/>
    <property name="path.separator" value=":"/>
    <property name="os.version" value="5.14.0-1045-oem"/>
    <property name="java.runtime.name" value="Java(TM) SE Runtime Environment"/>
    <property name="file.encoding" value="UTF-8"/>
    <property name="java.vm.name" value="Java HotSpot(TM) 64-Bit Server VM"/>
    <property name="localRepository" value="/home/a.guindo@gop.link/.m2/repository"/>
    <property name="java.vendor.url.bug" value="https://bugreport.java.com/bugreport/"/>
    <property name="java.io.tmpdir" value="/tmp"/>
    <property name="java.version" value="17.0.1"/>
    <property name="user.dir" value="/home/a.guindo@gop.link/eclipse-workspace/kaladewn"/>
    <property name="os.arch" value="amd64"/>
    <property name="java.vm.specification.name" value="Java Virtual Machine Specification"/>
    <property name="native.encoding" value="UTF-8"/>
    <property name="java.library.path" value="/usr/java/packages/lib:/usr/lib64:/lib64:/lib:/usr/lib"/>
    <property name="java.vm.info" value="mixed mode, sharing"/>
    <property name="java.vendor" value="Oracle Corporation"/>
    <property name="java.vm.version" value="17.0.1+12-LTS-39"/>
    <property name="sun.io.unicode.encoding" value="UnicodeLittle"/>
    <property name="java.class.version" value="61.0"/>
  </properties>
  <testcase name="ml.kalanblow.kaladewn.repository.SchoolRepositoryTest" classname="ml.kalanblow.kaladewn.repository.SchoolRepositoryTest" time="0">
    <skipped message="class ml.kalanblow.kaladewn.repository.SchoolRepositoryTest is @Disabled"/>
  </testcase>
</testsuite>